Determining if the function crc32c_value exists in the crc32c failed with the following output:
Change Dir: /home/bykim0119/sys_prog2024/lab3_lvdb/leveldb/build/CMakeFiles/CMakeTmp

Run Build Command(s):/usr/bin/gmake -f Makefile cmTC_7c25b/fast && /usr/bin/gmake  -f CMakeFiles/cmTC_7c25b.dir/build.make CMakeFiles/cmTC_7c25b.dir/build
gmake[1]: Entering directory '/home/bykim0119/sys_prog2024/lab3_lvdb/leveldb/build/CMakeFiles/CMakeTmp'
Building C object CMakeFiles/cmTC_7c25b.dir/CheckFunctionExists.c.o
/usr/bin/cc   -DCHECK_FUNCTION_EXISTS=crc32c_value -std=c11 -o CMakeFiles/cmTC_7c25b.dir/CheckFunctionExists.c.o -c /usr/share/cmake-3.22/Modules/CheckFunctionExists.c
Linking C executable cmTC_7c25b
/usr/bin/cmake -E cmake_link_script CMakeFiles/cmTC_7c25b.dir/link.txt --verbose=1
/usr/bin/cc  -DCHECK_FUNCTION_EXISTS=crc32c_value CMakeFiles/cmTC_7c25b.dir/CheckFunctionExists.c.o -o cmTC_7c25b  -lcrc32c 
/usr/bin/ld: cannot find -lcrc32c: No such file or directory
collect2: error: ld returned 1 exit status
gmake[1]: *** [CMakeFiles/cmTC_7c25b.dir/build.make:99: cmTC_7c25b] Error 1
gmake[1]: Leaving directory '/home/bykim0119/sys_prog2024/lab3_lvdb/leveldb/build/CMakeFiles/CMakeTmp'
gmake: *** [Makefile:127: cmTC_7c25b/fast] Error 2



Determining if the function snappy_compress exists in the snappy failed with the following output:
Change Dir: /home/bykim0119/sys_prog2024/lab3_lvdb/leveldb/build/CMakeFiles/CMakeTmp

Run Build Command(s):/usr/bin/gmake -f Makefile cmTC_2ea2d/fast && /usr/bin/gmake  -f CMakeFiles/cmTC_2ea2d.dir/build.make CMakeFiles/cmTC_2ea2d.dir/build
gmake[1]: Entering directory '/home/bykim0119/sys_prog2024/lab3_lvdb/leveldb/build/CMakeFiles/CMakeTmp'
Building C object CMakeFiles/cmTC_2ea2d.dir/CheckFunctionExists.c.o
/usr/bin/cc   -DCHECK_FUNCTION_EXISTS=snappy_compress -std=c11 -o CMakeFiles/cmTC_2ea2d.dir/CheckFunctionExists.c.o -c /usr/share/cmake-3.22/Modules/CheckFunctionExists.c
Linking C executable cmTC_2ea2d
/usr/bin/cmake -E cmake_link_script CMakeFiles/cmTC_2ea2d.dir/link.txt --verbose=1
/usr/bin/cc  -DCHECK_FUNCTION_EXISTS=snappy_compress CMakeFiles/cmTC_2ea2d.dir/CheckFunctionExists.c.o -o cmTC_2ea2d  -lsnappy 
/usr/bin/ld: cannot find -lsnappy: No such file or directory
collect2: error: ld returned 1 exit status
gmake[1]: *** [CMakeFiles/cmTC_2ea2d.dir/build.make:99: cmTC_2ea2d] Error 1
gmake[1]: Leaving directory '/home/bykim0119/sys_prog2024/lab3_lvdb/leveldb/build/CMakeFiles/CMakeTmp'
gmake: *** [Makefile:127: cmTC_2ea2d/fast] Error 2



Determining if the function zstd_compress exists in the zstd failed with the following output:
Change Dir: /home/bykim0119/sys_prog2024/lab3_lvdb/leveldb/build/CMakeFiles/CMakeTmp

Run Build Command(s):/usr/bin/gmake -f Makefile cmTC_10c76/fast && /usr/bin/gmake  -f CMakeFiles/cmTC_10c76.dir/build.make CMakeFiles/cmTC_10c76.dir/build
gmake[1]: Entering directory '/home/bykim0119/sys_prog2024/lab3_lvdb/leveldb/build/CMakeFiles/CMakeTmp'
Building C object CMakeFiles/cmTC_10c76.dir/CheckFunctionExists.c.o
/usr/bin/cc   -DCHECK_FUNCTION_EXISTS=zstd_compress -std=c11 -o CMakeFiles/cmTC_10c76.dir/CheckFunctionExists.c.o -c /usr/share/cmake-3.22/Modules/CheckFunctionExists.c
Linking C executable cmTC_10c76
/usr/bin/cmake -E cmake_link_script CMakeFiles/cmTC_10c76.dir/link.txt --verbose=1
/usr/bin/cc  -DCHECK_FUNCTION_EXISTS=zstd_compress CMakeFiles/cmTC_10c76.dir/CheckFunctionExists.c.o -o cmTC_10c76  -lzstd 
/usr/bin/ld: cannot find -lzstd: No such file or directory
collect2: error: ld returned 1 exit status
gmake[1]: *** [CMakeFiles/cmTC_10c76.dir/build.make:99: cmTC_10c76] Error 1
gmake[1]: Leaving directory '/home/bykim0119/sys_prog2024/lab3_lvdb/leveldb/build/CMakeFiles/CMakeTmp'
gmake: *** [Makefile:127: cmTC_10c76/fast] Error 2



Determining if the function malloc exists in the tcmalloc failed with the following output:
Change Dir: /home/bykim0119/sys_prog2024/lab3_lvdb/leveldb/build/CMakeFiles/CMakeTmp

Run Build Command(s):/usr/bin/gmake -f Makefile cmTC_c22f4/fast && /usr/bin/gmake  -f CMakeFiles/cmTC_c22f4.dir/build.make CMakeFiles/cmTC_c22f4.dir/build
gmake[1]: Entering directory '/home/bykim0119/sys_prog2024/lab3_lvdb/leveldb/build/CMakeFiles/CMakeTmp'
Building C object CMakeFiles/cmTC_c22f4.dir/CheckFunctionExists.c.o
/usr/bin/cc   -DCHECK_FUNCTION_EXISTS=malloc -std=c11 -o CMakeFiles/cmTC_c22f4.dir/CheckFunctionExists.c.o -c /usr/share/cmake-3.22/Modules/CheckFunctionExists.c
<command-line>: warning: conflicting types for built-in function ‘malloc’; expected ‘void *(long unsigned int)’ [-Wbuiltin-declaration-mismatch]
/usr/share/cmake-3.22/Modules/CheckFunctionExists.c:7:3: note: in expansion of macro ‘CHECK_FUNCTION_EXISTS’
    7 |   CHECK_FUNCTION_EXISTS(void);
      |   ^~~~~~~~~~~~~~~~~~~~~
/usr/share/cmake-3.22/Modules/CheckFunctionExists.c:1:1: note: ‘malloc’ is declared in header ‘<stdlib.h>’
  +++ |+#include <stdlib.h>
    1 | #ifdef CHECK_FUNCTION_EXISTS
Linking C executable cmTC_c22f4
/usr/bin/cmake -E cmake_link_script CMakeFiles/cmTC_c22f4.dir/link.txt --verbose=1
/usr/bin/cc  -DCHECK_FUNCTION_EXISTS=malloc CMakeFiles/cmTC_c22f4.dir/CheckFunctionExists.c.o -o cmTC_c22f4  -ltcmalloc 
/usr/bin/ld: cannot find -ltcmalloc: No such file or directory
collect2: error: ld returned 1 exit status
gmake[1]: *** [CMakeFiles/cmTC_c22f4.dir/build.make:99: cmTC_c22f4] Error 1
gmake[1]: Leaving directory '/home/bykim0119/sys_prog2024/lab3_lvdb/leveldb/build/CMakeFiles/CMakeTmp'
gmake: *** [Makefile:127: cmTC_c22f4/fast] Error 2



Determining if the F_FULLFSYNC exist failed with the following output:
Change Dir: /home/bykim0119/sys_prog2024/lab3_lvdb/leveldb/build/CMakeFiles/CMakeTmp

Run Build Command(s):/usr/bin/gmake -f Makefile cmTC_4ce8c/fast && /usr/bin/gmake  -f CMakeFiles/cmTC_4ce8c.dir/build.make CMakeFiles/cmTC_4ce8c.dir/build
gmake[1]: Entering directory '/home/bykim0119/sys_prog2024/lab3_lvdb/leveldb/build/CMakeFiles/CMakeTmp'
Building CXX object CMakeFiles/cmTC_4ce8c.dir/CheckSymbolExists.cxx.o
/usr/bin/c++   -std=c++11 -o CMakeFiles/cmTC_4ce8c.dir/CheckSymbolExists.cxx.o -c /home/bykim0119/sys_prog2024/lab3_lvdb/leveldb/build/CMakeFiles/CMakeTmp/CheckSymbolExists.cxx
/home/bykim0119/sys_prog2024/lab3_lvdb/leveldb/build/CMakeFiles/CMakeTmp/CheckSymbolExists.cxx: In function ‘int main(int, char**)’:
/home/bykim0119/sys_prog2024/lab3_lvdb/leveldb/build/CMakeFiles/CMakeTmp/CheckSymbolExists.cxx:8:19: error: ‘F_FULLFSYNC’ was not declared in this scope
    8 |   return ((int*)(&F_FULLFSYNC))[argc];
      |                   ^~~~~~~~~~~
gmake[1]: *** [CMakeFiles/cmTC_4ce8c.dir/build.make:78: CMakeFiles/cmTC_4ce8c.dir/CheckSymbolExists.cxx.o] Error 1
gmake[1]: Leaving directory '/home/bykim0119/sys_prog2024/lab3_lvdb/leveldb/build/CMakeFiles/CMakeTmp'
gmake: *** [Makefile:127: cmTC_4ce8c/fast] Error 2


File /home/bykim0119/sys_prog2024/lab3_lvdb/leveldb/build/CMakeFiles/CMakeTmp/CheckSymbolExists.cxx:
/* */
#include <fcntl.h>

int main(int argc, char** argv)
{
  (void)argv;
#ifndef F_FULLFSYNC
  return ((int*)(&F_FULLFSYNC))[argc];
#else
  (void)argc;
  return 0;
#endif
}
Performing C++ SOURCE FILE Test HAVE_CLANG_THREAD_SAFETY failed with the following output:
Change Dir: /home/bykim0119/sys_prog2024/lab3_lvdb/leveldb/build/CMakeFiles/CMakeTmp

Run Build Command(s):/usr/bin/gmake -f Makefile cmTC_c027d/fast && /usr/bin/gmake  -f CMakeFiles/cmTC_c027d.dir/build.make CMakeFiles/cmTC_c027d.dir/build
gmake[1]: Entering directory '/home/bykim0119/sys_prog2024/lab3_lvdb/leveldb/build/CMakeFiles/CMakeTmp'
Building CXX object CMakeFiles/cmTC_c027d.dir/src.cxx.o
/usr/bin/c++ -DHAVE_CLANG_THREAD_SAFETY  -fno-exceptions -fno-rtti    -Wthread-safety -std=c++11 -o CMakeFiles/cmTC_c027d.dir/src.cxx.o -c /home/bykim0119/sys_prog2024/lab3_lvdb/leveldb/build/CMakeFiles/CMakeTmp/src.cxx
c++: error: unrecognized command-line option '-Wthread-safety'
gmake[1]: *** [CMakeFiles/cmTC_c027d.dir/build.make:78: CMakeFiles/cmTC_c027d.dir/src.cxx.o] Error 1
gmake[1]: Leaving directory '/home/bykim0119/sys_prog2024/lab3_lvdb/leveldb/build/CMakeFiles/CMakeTmp'
gmake: *** [Makefile:127: cmTC_c027d/fast] Error 2


Source file was:
int main() { return 0; }
Performing C++ SOURCE FILE Test HAVE_CXX_FLAG_WSHORTEN_64_TO_32 failed with the following output:
Change Dir: /home/bykim0119/sys_prog2024/lab3_lvdb/leveldb/build/CMakeFiles/CMakeTmp

Run Build Command(s):/usr/bin/gmake -f Makefile cmTC_2de8a/fast && /usr/bin/gmake  -f CMakeFiles/cmTC_2de8a.dir/build.make CMakeFiles/cmTC_2de8a.dir/build
gmake[1]: Entering directory '/home/bykim0119/sys_prog2024/lab3_lvdb/leveldb/build/CMakeFiles/CMakeTmp'
Building CXX object CMakeFiles/cmTC_2de8a.dir/src.cxx.o
/usr/bin/c++ -DHAVE_CXX_FLAG_WSHORTEN_64_TO_32  -fno-exceptions -fno-rtti  -Wall  -Wextra  -Wshadow  -Wfloat-equal  -Werror  -Wsuggest-override  -pedantic  -pedantic-errors  -Wshorten-64-to-32   -Wshorten-64-to-32 -std=c++11 -o CMakeFiles/cmTC_2de8a.dir/src.cxx.o -c /home/bykim0119/sys_prog2024/lab3_lvdb/leveldb/build/CMakeFiles/CMakeTmp/src.cxx
c++: error: unrecognized command-line option '-Wshorten-64-to-32'
c++: error: unrecognized command-line option '-Wshorten-64-to-32'
gmake[1]: *** [CMakeFiles/cmTC_2de8a.dir/build.make:78: CMakeFiles/cmTC_2de8a.dir/src.cxx.o] Error 1
gmake[1]: Leaving directory '/home/bykim0119/sys_prog2024/lab3_lvdb/leveldb/build/CMakeFiles/CMakeTmp'
gmake: *** [Makefile:127: cmTC_2de8a/fast] Error 2


Source file was:
int main() { return 0; }
Performing C++ SOURCE FILE Test HAVE_CXX_FLAG_WD654 failed with the following output:
Change Dir: /home/bykim0119/sys_prog2024/lab3_lvdb/leveldb/build/CMakeFiles/CMakeTmp

Run Build Command(s):/usr/bin/gmake -f Makefile cmTC_d2e4d/fast && /usr/bin/gmake  -f CMakeFiles/cmTC_d2e4d.dir/build.make CMakeFiles/cmTC_d2e4d.dir/build
gmake[1]: Entering directory '/home/bykim0119/sys_prog2024/lab3_lvdb/leveldb/build/CMakeFiles/CMakeTmp'
Building CXX object CMakeFiles/cmTC_d2e4d.dir/src.cxx.o
/usr/bin/c++ -DHAVE_CXX_FLAG_WD654  -fno-exceptions -fno-rtti  -Wall  -Wextra  -Wshadow  -Wfloat-equal  -Werror  -Wsuggest-override  -pedantic  -pedantic-errors  -fstrict-aliasing  -Wno-deprecated-declarations  -Wno-deprecated  -fno-exceptions  -Wstrict-aliasing  -wd654   -wd654 -std=c++11 -o CMakeFiles/cmTC_d2e4d.dir/src.cxx.o -c /home/bykim0119/sys_prog2024/lab3_lvdb/leveldb/build/CMakeFiles/CMakeTmp/src.cxx
c++: error: unrecognized command-line option '-wd654'
c++: error: unrecognized command-line option '-wd654'
gmake[1]: *** [CMakeFiles/cmTC_d2e4d.dir/build.make:78: CMakeFiles/cmTC_d2e4d.dir/src.cxx.o] Error 1
gmake[1]: Leaving directory '/home/bykim0119/sys_prog2024/lab3_lvdb/leveldb/build/CMakeFiles/CMakeTmp'
gmake: *** [Makefile:127: cmTC_d2e4d/fast] Error 2


Source file was:
int main() { return 0; }
Performing C++ SOURCE FILE Test HAVE_CXX_FLAG_WTHREAD_SAFETY failed with the following output:
Change Dir: /home/bykim0119/sys_prog2024/lab3_lvdb/leveldb/build/CMakeFiles/CMakeTmp

Run Build Command(s):/usr/bin/gmake -f Makefile cmTC_b4b06/fast && /usr/bin/gmake  -f CMakeFiles/cmTC_b4b06.dir/build.make CMakeFiles/cmTC_b4b06.dir/build
gmake[1]: Entering directory '/home/bykim0119/sys_prog2024/lab3_lvdb/leveldb/build/CMakeFiles/CMakeTmp'
Building CXX object CMakeFiles/cmTC_b4b06.dir/src.cxx.o
/usr/bin/c++ -DHAVE_CXX_FLAG_WTHREAD_SAFETY  -fno-exceptions -fno-rtti  -Wall  -Wextra  -Wshadow  -Wfloat-equal  -Werror  -Wsuggest-override  -pedantic  -pedantic-errors  -fstrict-aliasing  -Wno-deprecated-declarations  -Wno-deprecated  -fno-exceptions  -Wstrict-aliasing  -Wthread-safety   -Wthread-safety -std=c++11 -o CMakeFiles/cmTC_b4b06.dir/src.cxx.o -c /home/bykim0119/sys_prog2024/lab3_lvdb/leveldb/build/CMakeFiles/CMakeTmp/src.cxx
c++: error: unrecognized command-line option '-Wthread-safety'
c++: error: unrecognized command-line option '-Wthread-safety'
gmake[1]: *** [CMakeFiles/cmTC_b4b06.dir/build.make:78: CMakeFiles/cmTC_b4b06.dir/src.cxx.o] Error 1
gmake[1]: Leaving directory '/home/bykim0119/sys_prog2024/lab3_lvdb/leveldb/build/CMakeFiles/CMakeTmp'
gmake: *** [Makefile:127: cmTC_b4b06/fast] Error 2


Source file was:
int main() { return 0; }
Determining if the function sqlite3_open exists in the sqlite3 failed with the following output:
Change Dir: /home/bykim0119/sys_prog2024/lab3_lvdb/leveldb/build/CMakeFiles/CMakeTmp

Run Build Command(s):/usr/bin/gmake -f Makefile cmTC_70ccf/fast && /usr/bin/gmake  -f CMakeFiles/cmTC_70ccf.dir/build.make CMakeFiles/cmTC_70ccf.dir/build
gmake[1]: Entering directory '/home/bykim0119/sys_prog2024/lab3_lvdb/leveldb/build/CMakeFiles/CMakeTmp'
Building C object CMakeFiles/cmTC_70ccf.dir/CheckFunctionExists.c.o
/usr/bin/cc   -Wstrict-prototypes -DCHECK_FUNCTION_EXISTS=sqlite3_open -std=c11 -o CMakeFiles/cmTC_70ccf.dir/CheckFunctionExists.c.o -c /usr/share/cmake-3.22/Modules/CheckFunctionExists.c
Linking C executable cmTC_70ccf
/usr/bin/cmake -E cmake_link_script CMakeFiles/cmTC_70ccf.dir/link.txt --verbose=1
/usr/bin/cc  -Wstrict-prototypes -DCHECK_FUNCTION_EXISTS=sqlite3_open CMakeFiles/cmTC_70ccf.dir/CheckFunctionExists.c.o -o cmTC_70ccf  -lsqlite3 
/usr/bin/ld: cannot find -lsqlite3: No such file or directory
collect2: error: ld returned 1 exit status
gmake[1]: *** [CMakeFiles/cmTC_70ccf.dir/build.make:99: cmTC_70ccf] Error 1
gmake[1]: Leaving directory '/home/bykim0119/sys_prog2024/lab3_lvdb/leveldb/build/CMakeFiles/CMakeTmp'
gmake: *** [Makefile:127: cmTC_70ccf/fast] Error 2



Performing C++ SOURCE FILE Test HAVE_KYOTOCABINET failed with the following output:
Change Dir: /home/bykim0119/sys_prog2024/lab3_lvdb/leveldb/build/CMakeFiles/CMakeTmp

Run Build Command(s):/usr/bin/gmake -f Makefile cmTC_2a0e4/fast && /usr/bin/gmake  -f CMakeFiles/cmTC_2a0e4.dir/build.make CMakeFiles/cmTC_2a0e4.dir/build
gmake[1]: Entering directory '/home/bykim0119/sys_prog2024/lab3_lvdb/leveldb/build/CMakeFiles/CMakeTmp'
Building CXX object CMakeFiles/cmTC_2a0e4.dir/src.cxx.o
/usr/bin/c++ -DHAVE_KYOTOCABINET  -fno-exceptions -fno-rtti  -std=c++11 -o CMakeFiles/cmTC_2a0e4.dir/src.cxx.o -c /home/bykim0119/sys_prog2024/lab3_lvdb/leveldb/build/CMakeFiles/CMakeTmp/src.cxx
/home/bykim0119/sys_prog2024/lab3_lvdb/leveldb/build/CMakeFiles/CMakeTmp/src.cxx:2:10: fatal error: kcpolydb.h: No such file or directory
    2 | #include <kcpolydb.h>
      |          ^~~~~~~~~~~~
compilation terminated.
gmake[1]: *** [CMakeFiles/cmTC_2a0e4.dir/build.make:78: CMakeFiles/cmTC_2a0e4.dir/src.cxx.o] Error 1
gmake[1]: Leaving directory '/home/bykim0119/sys_prog2024/lab3_lvdb/leveldb/build/CMakeFiles/CMakeTmp'
gmake: *** [Makefile:127: cmTC_2a0e4/fast] Error 2


Source file was:

#include <kcpolydb.h>

int main() {
  kyotocabinet::TreeDB* db = new kyotocabinet::TreeDB();
  delete db;
  return 0;
}
  
